#! /usr/bin/vvp
:ivl_version "12.0 (stable)";
:ivl_delay_selection "TYPICAL";
:vpi_time_precision - 12;
:vpi_module "/usr/lib/x86_64-linux-gnu/ivl/system.vpi";
:vpi_module "/usr/lib/x86_64-linux-gnu/ivl/vhdl_sys.vpi";
:vpi_module "/usr/lib/x86_64-linux-gnu/ivl/vhdl_textio.vpi";
:vpi_module "/usr/lib/x86_64-linux-gnu/ivl/v2005_math.vpi";
:vpi_module "/usr/lib/x86_64-linux-gnu/ivl/va_math.vpi";
S_0x618a18df2b40 .scope module, "tb_cpu" "tb_cpu" 2 3;
 .timescale -9 -12;
v0x618a18e198a0_0 .var "clk", 0 0;
v0x618a18e19940_0 .var "reset", 0 0;
E_0x618a18deebd0 .event posedge, v0x618a18e16a00_0;
S_0x618a18df2cd0 .scope module, "UUT" "pipelined_cpu" 2 10, 3 3 0, S_0x618a18df2b40;
 .timescale -9 -12;
    .port_info 0 /INPUT 1 "clk";
    .port_info 1 /INPUT 1 "reset";
L_0x618a18dd0a60 .functor BUFZ 16, L_0x618a18e1a190, C4<0000000000000000>, C4<0000000000000000>, C4<0000000000000000>;
L_0x7628a9e40060 .functor BUFT 1, C4<0011>, C4<0>, C4<0>, C4<0>;
v0x618a18e17770_0 .net/2u *"_ivl_0", 3 0, L_0x7628a9e40060;  1 drivers
v0x618a18e17870_0 .net *"_ivl_11", 4 0, L_0x618a18e1a290;  1 drivers
v0x618a18e17950_0 .net *"_ivl_12", 6 0, L_0x618a18e1a360;  1 drivers
L_0x7628a9e400a8 .functor BUFT 1, C4<00>, C4<0>, C4<0>, C4<0>;
v0x618a18e17a10_0 .net *"_ivl_15", 1 0, L_0x7628a9e400a8;  1 drivers
v0x618a18e17af0_0 .net *"_ivl_18", 15 0, L_0x618a18e1a580;  1 drivers
L_0x7628a9e400f0 .functor BUFT 1, C4<000000000000>, C4<0>, C4<0>, C4<0>;
v0x618a18e17c20_0 .net *"_ivl_21", 11 0, L_0x7628a9e400f0;  1 drivers
v0x618a18e17d00_0 .net *"_ivl_8", 15 0, L_0x618a18e1a190;  1 drivers
v0x618a18e17de0_0 .var "alu_result", 15 0;
v0x618a18e17ec0_0 .var "branch_actual_taken", 0 0;
v0x618a18e17f60_0 .var "branch_mispredicted", 0 0;
v0x618a18e18000_0 .net "branch_target", 15 0, L_0x618a18e2a6d0;  1 drivers
v0x618a18e180e0_0 .net "clk", 0 0, v0x618a18e198a0_0;  1 drivers
v0x618a18e18180 .array "data_mem", 31 0, 15 0;
v0x618a18e18220_0 .var "ex_mem_alu_res", 15 0;
v0x618a18e18300_0 .var "ex_mem_opcode", 3 0;
v0x618a18e183e0_0 .var "ex_mem_rd", 3 0;
v0x618a18e184c0_0 .var "ex_mem_val2", 15 0;
v0x618a18e185a0_0 .net "fetch_instr", 15 0, L_0x618a18dd0a60;  1 drivers
v0x618a18e18680_0 .var "id_ex_is_branch", 0 0;
v0x618a18e18720_0 .var "id_ex_opcode", 3 0;
v0x618a18e187e0_0 .var "id_ex_pc", 15 0;
v0x618a18e188a0_0 .var "id_ex_predicted_taken", 0 0;
v0x618a18e18940_0 .var "id_ex_rd", 3 0;
v0x618a18e18a30_0 .var "id_ex_val1", 15 0;
v0x618a18e18af0_0 .var "id_ex_val2", 15 0;
v0x618a18e18bd0_0 .var "if_id_instr", 15 0;
v0x618a18e18cb0_0 .var "if_id_pc", 15 0;
v0x618a18e18d90_0 .var "if_id_predicted_taken", 0 0;
v0x618a18e18e50 .array "instr_mem", 31 0, 15 0;
v0x618a18e18f10_0 .var "mem_wb_alu_res", 15 0;
v0x618a18e18ff0_0 .var "mem_wb_mem_data", 15 0;
v0x618a18e190d0_0 .var "mem_wb_opcode", 3 0;
v0x618a18e191b0_0 .var "mem_wb_rd", 3 0;
v0x618a18e194a0_0 .var "pc", 15 0;
v0x618a18e19590_0 .net "predict_taken", 0 0, L_0x618a18e19da0;  1 drivers
v0x618a18e19660 .array "reg_file", 15 0, 15 0;
v0x618a18e19700_0 .net "reset", 0 0, v0x618a18e19940_0;  1 drivers
v0x618a18e197d0_0 .net "stall", 0 0, v0x618a18e175c0_0;  1 drivers
L_0x618a18e19f10 .cmp/eq 4, v0x618a18e18720_0, L_0x7628a9e40060;
L_0x618a18e1a000 .part v0x618a18e18bd0_0, 8, 4;
L_0x618a18e1a0a0 .part v0x618a18e18bd0_0, 4, 4;
L_0x618a18e1a190 .array/port v0x618a18e18e50, L_0x618a18e1a360;
L_0x618a18e1a290 .part v0x618a18e194a0_0, 0, 5;
L_0x618a18e1a360 .concat [ 5 2 0 0], L_0x618a18e1a290, L_0x7628a9e400a8;
L_0x618a18e1a580 .concat [ 4 12 0 0], v0x618a18e18940_0, L_0x7628a9e400f0;
L_0x618a18e2a6d0 .arith/sum 16, v0x618a18e187e0_0, L_0x618a18e1a580;
S_0x618a18dd9e60 .scope module, "bp" "branch_predictor" 3 61, 4 3 0, S_0x618a18df2cd0;
 .timescale -9 -12;
    .port_info 0 /INPUT 1 "clk";
    .port_info 1 /INPUT 1 "reset";
    .port_info 2 /INPUT 16 "pc_fetch";
    .port_info 3 /OUTPUT 1 "prediction_taken";
    .port_info 4 /INPUT 16 "pc_execute";
    .port_info 5 /INPUT 1 "is_branch_ex";
    .port_info 6 /INPUT 1 "actual_taken";
v0x618a18dd6cc0_0 .net *"_ivl_0", 1 0, L_0x618a18e19a50;  1 drivers
v0x618a18dd6d60_0 .net *"_ivl_3", 3 0, L_0x618a18e19af0;  1 drivers
v0x618a18e16690_0 .net *"_ivl_4", 5 0, L_0x618a18e19c10;  1 drivers
L_0x7628a9e40018 .functor BUFT 1, C4<00>, C4<0>, C4<0>, C4<0>;
v0x618a18e16750_0 .net *"_ivl_7", 1 0, L_0x7628a9e40018;  1 drivers
v0x618a18e16830_0 .net "actual_taken", 0 0, v0x618a18e17ec0_0;  1 drivers
v0x618a18e16940 .array "bht", 15 0, 1 0;
v0x618a18e16a00_0 .net "clk", 0 0, v0x618a18e198a0_0;  alias, 1 drivers
v0x618a18e16ac0_0 .var/i "i", 31 0;
v0x618a18e16ba0_0 .net "is_branch_ex", 0 0, v0x618a18e18680_0;  1 drivers
v0x618a18e16c60_0 .net "pc_execute", 15 0, v0x618a18e187e0_0;  1 drivers
v0x618a18e16d40_0 .net "pc_fetch", 15 0, v0x618a18e194a0_0;  1 drivers
v0x618a18e16e20_0 .net "prediction_taken", 0 0, L_0x618a18e19da0;  alias, 1 drivers
v0x618a18e16ee0_0 .net "reset", 0 0, v0x618a18e19940_0;  alias, 1 drivers
E_0x618a18df5800 .event posedge, v0x618a18e16ee0_0, v0x618a18e16a00_0;
L_0x618a18e19a50 .array/port v0x618a18e16940, L_0x618a18e19c10;
L_0x618a18e19af0 .part v0x618a18e194a0_0, 0, 4;
L_0x618a18e19c10 .concat [ 4 2 0 0], L_0x618a18e19af0, L_0x7628a9e40018;
L_0x618a18e19da0 .part L_0x618a18e19a50, 1, 1;
S_0x618a18e17080 .scope module, "hu" "hazard_unit" 3 67, 5 3 0, S_0x618a18df2cd0;
 .timescale -9 -12;
    .port_info 0 /INPUT 1 "id_ex_mem_read";
    .port_info 1 /INPUT 4 "id_ex_rd";
    .port_info 2 /INPUT 4 "if_id_rs1";
    .port_info 3 /INPUT 4 "if_id_rs2";
    .port_info 4 /OUTPUT 1 "stall";
v0x618a18e17260_0 .net "id_ex_mem_read", 0 0, L_0x618a18e19f10;  1 drivers
v0x618a18e17340_0 .net "id_ex_rd", 3 0, v0x618a18e18940_0;  1 drivers
v0x618a18e17420_0 .net "if_id_rs1", 3 0, L_0x618a18e1a000;  1 drivers
v0x618a18e174e0_0 .net "if_id_rs2", 3 0, L_0x618a18e1a0a0;  1 drivers
v0x618a18e175c0_0 .var "stall", 0 0;
E_0x618a18df75f0 .event anyedge, v0x618a18e17260_0, v0x618a18e17340_0, v0x618a18e17420_0, v0x618a18e174e0_0;
    .scope S_0x618a18dd9e60;
T_0 ;
    %wait E_0x618a18df5800;
    %load/vec4 v0x618a18e16ee0_0;
    %flag_set/vec4 8;
    %jmp/0xz  T_0.0, 8;
    %pushi/vec4 0, 0, 32;
    %store/vec4 v0x618a18e16ac0_0, 0, 32;
T_0.2 ;
    %load/vec4 v0x618a18e16ac0_0;
    %cmpi/s 16, 0, 32;
    %jmp/0xz T_0.3, 5;
    %pushi/vec4 1, 0, 2;
    %ix/getv/s 3, v0x618a18e16ac0_0;
    %ix/load 4, 0, 0; Constant delay
    %assign/vec4/a/d v0x618a18e16940, 0, 4;
    %load/vec4 v0x618a18e16ac0_0;
    %addi 1, 0, 32;
    %store/vec4 v0x618a18e16ac0_0, 0, 32;
    %jmp T_0.2;
T_0.3 ;
    %jmp T_0.1;
T_0.0 ;
    %load/vec4 v0x618a18e16ba0_0;
    %flag_set/vec4 8;
    %jmp/0xz  T_0.4, 8;
    %load/vec4 v0x618a18e16c60_0;
    %parti/s 4, 0, 2;
    %pad/u 6;
    %ix/vec4 4;
    %load/vec4a v0x618a18e16940, 4;
    %dup/vec4;
    %pushi/vec4 0, 0, 2;
    %cmp/u;
    %jmp/1 T_0.6, 6;
    %dup/vec4;
    %pushi/vec4 1, 0, 2;
    %cmp/u;
    %jmp/1 T_0.7, 6;
    %dup/vec4;
    %pushi/vec4 2, 0, 2;
    %cmp/u;
    %jmp/1 T_0.8, 6;
    %dup/vec4;
    %pushi/vec4 3, 0, 2;
    %cmp/u;
    %jmp/1 T_0.9, 6;
    %jmp T_0.10;
T_0.6 ;
    %load/vec4 v0x618a18e16830_0;
    %flag_set/vec4 8;
    %jmp/0 T_0.11, 8;
    %pushi/vec4 1, 0, 2;
    %jmp/1 T_0.12, 8;
T_0.11 ; End of true expr.
    %pushi/vec4 0, 0, 2;
    %jmp/0 T_0.12, 8;
 ; End of false expr.
    %blend;
T_0.12;
    %load/vec4 v0x618a18e16c60_0;
    %parti/s 4, 0, 2;
    %pad/u 6;
    %ix/vec4 3;
    %ix/load 4, 0, 0; Constant delay
    %assign/vec4/a/d v0x618a18e16940, 0, 4;
    %jmp T_0.10;
T_0.7 ;
    %load/vec4 v0x618a18e16830_0;
    %flag_set/vec4 8;
    %jmp/0 T_0.13, 8;
    %pushi/vec4 2, 0, 2;
    %jmp/1 T_0.14, 8;
T_0.13 ; End of true expr.
    %pushi/vec4 0, 0, 2;
    %jmp/0 T_0.14, 8;
 ; End of false expr.
    %blend;
T_0.14;
    %load/vec4 v0x618a18e16c60_0;
    %parti/s 4, 0, 2;
    %pad/u 6;
    %ix/vec4 3;
    %ix/load 4, 0, 0; Constant delay
    %assign/vec4/a/d v0x618a18e16940, 0, 4;
    %jmp T_0.10;
T_0.8 ;
    %load/vec4 v0x618a18e16830_0;
    %flag_set/vec4 8;
    %jmp/0 T_0.15, 8;
    %pushi/vec4 3, 0, 2;
    %jmp/1 T_0.16, 8;
T_0.15 ; End of true expr.
    %pushi/vec4 1, 0, 2;
    %jmp/0 T_0.16, 8;
 ; End of false expr.
    %blend;
T_0.16;
    %load/vec4 v0x618a18e16c60_0;
    %parti/s 4, 0, 2;
    %pad/u 6;
    %ix/vec4 3;
    %ix/load 4, 0, 0; Constant delay
    %assign/vec4/a/d v0x618a18e16940, 0, 4;
    %jmp T_0.10;
T_0.9 ;
    %load/vec4 v0x618a18e16830_0;
    %flag_set/vec4 8;
    %jmp/0 T_0.17, 8;
    %pushi/vec4 3, 0, 2;
    %jmp/1 T_0.18, 8;
T_0.17 ; End of true expr.
    %pushi/vec4 2, 0, 2;
    %jmp/0 T_0.18, 8;
 ; End of false expr.
    %blend;
T_0.18;
    %load/vec4 v0x618a18e16c60_0;
    %parti/s 4, 0, 2;
    %pad/u 6;
    %ix/vec4 3;
    %ix/load 4, 0, 0; Constant delay
    %assign/vec4/a/d v0x618a18e16940, 0, 4;
    %jmp T_0.10;
T_0.10 ;
    %pop/vec4 1;
T_0.4 ;
T_0.1 ;
    %jmp T_0;
    .thread T_0;
    .scope S_0x618a18e17080;
T_1 ;
    %wait E_0x618a18df75f0;
    %load/vec4 v0x618a18e17260_0;
    %flag_set/vec4 9;
    %flag_get/vec4 9;
    %jmp/0 T_1.2, 9;
    %load/vec4 v0x618a18e17340_0;
    %load/vec4 v0x618a18e17420_0;
    %cmp/e;
    %flag_get/vec4 4;
    %jmp/1 T_1.3, 4;
    %load/vec4 v0x618a18e17340_0;
    %load/vec4 v0x618a18e174e0_0;
    %cmp/e;
    %flag_get/vec4 4;
    %or;
T_1.3;
    %and;
T_1.2;
    %flag_set/vec4 8;
    %jmp/0xz  T_1.0, 8;
    %pushi/vec4 1, 0, 1;
    %store/vec4 v0x618a18e175c0_0, 0, 1;
    %jmp T_1.1;
T_1.0 ;
    %pushi/vec4 0, 0, 1;
    %store/vec4 v0x618a18e175c0_0, 0, 1;
T_1.1 ;
    %jmp T_1;
    .thread T_1, $push;
    .scope S_0x618a18df2cd0;
T_2 ;
    %pushi/vec4 12289, 0, 16;
    %ix/load 4, 0, 0;
    %flag_set/imm 4, 0;
    %store/vec4a v0x618a18e18e50, 4, 0;
    %pushi/vec4 4370, 0, 16;
    %ix/load 4, 1, 0;
    %flag_set/imm 4, 0;
    %store/vec4a v0x618a18e18e50, 4, 0;
    %pushi/vec4 21012, 0, 16;
    %ix/load 4, 2, 0;
    %flag_set/imm 4, 0;
    %store/vec4a v0x618a18e18e50, 4, 0;
    %pushi/vec4 8723, 0, 16;
    %ix/load 4, 3, 0;
    %flag_set/imm 4, 0;
    %store/vec4a v0x618a18e18e50, 4, 0;
    %pushi/vec4 16944, 0, 16;
    %ix/load 4, 4, 0;
    %flag_set/imm 4, 0;
    %store/vec4a v0x618a18e18e50, 4, 0;
    %pushi/vec4 0, 0, 16;
    %ix/load 4, 0, 0;
    %flag_set/imm 4, 0;
    %store/vec4a v0x618a18e19660, 4, 0;
    %pushi/vec4 5, 0, 16;
    %ix/load 4, 1, 0;
    %flag_set/imm 4, 0;
    %store/vec4a v0x618a18e19660, 4, 0;
    %pushi/vec4 5, 0, 16;
    %ix/load 4, 2, 0;
    %flag_set/imm 4, 0;
    %store/vec4a v0x618a18e19660, 4, 0;
    %end;
    .thread T_2;
    .scope S_0x618a18df2cd0;
T_3 ;
    %wait E_0x618a18df5800;
    %load/vec4 v0x618a18e19700_0;
    %flag_set/vec4 8;
    %jmp/0xz  T_3.0, 8;
    %pushi/vec4 0, 0, 16;
    %assign/vec4 v0x618a18e194a0_0, 0;
    %pushi/vec4 0, 0, 16;
    %assign/vec4 v0x618a18e18bd0_0, 0;
    %pushi/vec4 0, 0, 4;
    %assign/vec4 v0x618a18e18720_0, 0;
    %pushi/vec4 0, 0, 4;
    %assign/vec4 v0x618a18e18300_0, 0;
    %pushi/vec4 0, 0, 4;
    %assign/vec4 v0x618a18e190d0_0, 0;
    %pushi/vec4 0, 0, 1;
    %assign/vec4 v0x618a18e17f60_0, 0;
    %jmp T_3.1;
T_3.0 ;
    %load/vec4 v0x618a18e190d0_0;
    %cmpi/e 1, 0, 4;
    %jmp/1 T_3.4, 4;
    %flag_mov 8, 4;
    %load/vec4 v0x618a18e190d0_0;
    %cmpi/e 2, 0, 4;
    %flag_or 4, 8;
T_3.4;
    %jmp/0xz  T_3.2, 4;
    %load/vec4 v0x618a18e18f10_0;
    %load/vec4 v0x618a18e191b0_0;
    %pad/u 6;
    %ix/vec4 3;
    %ix/load 4, 0, 0; Constant delay
    %assign/vec4/a/d v0x618a18e19660, 0, 4;
    %jmp T_3.3;
T_3.2 ;
    %load/vec4 v0x618a18e190d0_0;
    %cmpi/e 3, 0, 4;
    %jmp/0xz  T_3.5, 4;
    %load/vec4 v0x618a18e18ff0_0;
    %load/vec4 v0x618a18e191b0_0;
    %pad/u 6;
    %ix/vec4 3;
    %ix/load 4, 0, 0; Constant delay
    %assign/vec4/a/d v0x618a18e19660, 0, 4;
T_3.5 ;
T_3.3 ;
    %load/vec4 v0x618a18e18300_0;
    %assign/vec4 v0x618a18e190d0_0, 0;
    %load/vec4 v0x618a18e183e0_0;
    %assign/vec4 v0x618a18e191b0_0, 0;
    %load/vec4 v0x618a18e18220_0;
    %assign/vec4 v0x618a18e18f10_0, 0;
    %load/vec4 v0x618a18e18300_0;
    %cmpi/e 3, 0, 4;
    %jmp/0xz  T_3.7, 4;
    %load/vec4 v0x618a18e18220_0;
    %parti/s 5, 0, 2;
    %pad/u 7;
    %ix/vec4 4;
    %load/vec4a v0x618a18e18180, 4;
    %assign/vec4 v0x618a18e18ff0_0, 0;
    %jmp T_3.8;
T_3.7 ;
    %load/vec4 v0x618a18e18300_0;
    %cmpi/e 4, 0, 4;
    %jmp/0xz  T_3.9, 4;
    %load/vec4 v0x618a18e184c0_0;
    %load/vec4 v0x618a18e18220_0;
    %parti/s 5, 0, 2;
    %pad/u 7;
    %ix/vec4 3;
    %ix/load 4, 0, 0; Constant delay
    %assign/vec4/a/d v0x618a18e18180, 0, 4;
T_3.9 ;
T_3.8 ;
    %load/vec4 v0x618a18e18720_0;
    %assign/vec4 v0x618a18e18300_0, 0;
    %load/vec4 v0x618a18e18940_0;
    %assign/vec4 v0x618a18e183e0_0, 0;
    %load/vec4 v0x618a18e18af0_0;
    %assign/vec4 v0x618a18e184c0_0, 0;
    %load/vec4 v0x618a18e18720_0;
    %dup/vec4;
    %pushi/vec4 1, 0, 4;
    %cmp/u;
    %jmp/1 T_3.11, 6;
    %dup/vec4;
    %pushi/vec4 2, 0, 4;
    %cmp/u;
    %jmp/1 T_3.12, 6;
    %load/vec4 v0x618a18e18a30_0;
    %store/vec4 v0x618a18e17de0_0, 0, 16;
    %jmp T_3.14;
T_3.11 ;
    %load/vec4 v0x618a18e18a30_0;
    %load/vec4 v0x618a18e18af0_0;
    %add;
    %store/vec4 v0x618a18e17de0_0, 0, 16;
    %jmp T_3.14;
T_3.12 ;
    %load/vec4 v0x618a18e18a30_0;
    %load/vec4 v0x618a18e18af0_0;
    %sub;
    %store/vec4 v0x618a18e17de0_0, 0, 16;
    %jmp T_3.14;
T_3.14 ;
    %pop/vec4 1;
    %load/vec4 v0x618a18e17de0_0;
    %assign/vec4 v0x618a18e18220_0, 0;
    %load/vec4 v0x618a18e18720_0;
    %cmpi/e 5, 0, 4;
    %flag_get/vec4 4;
    %jmp/0 T_3.15, 4;
    %load/vec4 v0x618a18e18a30_0;
    %load/vec4 v0x618a18e18af0_0;
    %cmp/e;
    %flag_get/vec4 4;
    %and;
T_3.15;
    %store/vec4 v0x618a18e17ec0_0, 0, 1;
    %load/vec4 v0x618a18e18680_0;
    %flag_set/vec4 8;
    %flag_get/vec4 8;
    %jmp/0 T_3.16, 8;
    %load/vec4 v0x618a18e17ec0_0;
    %load/vec4 v0x618a18e188a0_0;
    %cmp/ne;
    %flag_get/vec4 4;
    %and;
T_3.16;
    %store/vec4 v0x618a18e17f60_0, 0, 1;
    %load/vec4 v0x618a18e197d0_0;
    %flag_set/vec4 8;
    %jmp/1 T_3.19, 8;
    %load/vec4 v0x618a18e17f60_0;
    %flag_set/vec4 9;
    %flag_or 8, 9;
T_3.19;
    %jmp/0xz  T_3.17, 8;
    %pushi/vec4 0, 0, 4;
    %assign/vec4 v0x618a18e18720_0, 0;
    %pushi/vec4 0, 0, 1;
    %assign/vec4 v0x618a18e18680_0, 0;
    %jmp T_3.18;
T_3.17 ;
    %load/vec4 v0x618a18e18cb0_0;
    %assign/vec4 v0x618a18e187e0_0, 0;
    %load/vec4 v0x618a18e18bd0_0;
    %parti/s 4, 12, 5;
    %assign/vec4 v0x618a18e18720_0, 0;
    %load/vec4 v0x618a18e18bd0_0;
    %parti/s 4, 8, 5;
    %pad/u 6;
    %ix/vec4 4;
    %load/vec4a v0x618a18e19660, 4;
    %assign/vec4 v0x618a18e18a30_0, 0;
    %load/vec4 v0x618a18e18bd0_0;
    %parti/s 4, 4, 4;
    %pad/u 6;
    %ix/vec4 4;
    %load/vec4a v0x618a18e19660, 4;
    %assign/vec4 v0x618a18e18af0_0, 0;
    %load/vec4 v0x618a18e18bd0_0;
    %parti/s 4, 0, 2;
    %assign/vec4 v0x618a18e18940_0, 0;
    %load/vec4 v0x618a18e18d90_0;
    %assign/vec4 v0x618a18e188a0_0, 0;
    %load/vec4 v0x618a18e18bd0_0;
    %parti/s 4, 12, 5;
    %pushi/vec4 5, 0, 4;
    %cmp/e;
    %flag_get/vec4 4;
    %assign/vec4 v0x618a18e18680_0, 0;
T_3.18 ;
    %load/vec4 v0x618a18e17f60_0;
    %flag_set/vec4 8;
    %jmp/0xz  T_3.20, 8;
    %load/vec4 v0x618a18e17ec0_0;
    %flag_set/vec4 8;
    %jmp/0 T_3.22, 8;
    %load/vec4 v0x618a18e18000_0;
    %jmp/1 T_3.23, 8;
T_3.22 ; End of true expr.
    %load/vec4 v0x618a18e187e0_0;
    %addi 1, 0, 16;
    %jmp/0 T_3.23, 8;
 ; End of false expr.
    %blend;
T_3.23;
    %assign/vec4 v0x618a18e194a0_0, 0;
    %pushi/vec4 0, 0, 16;
    %assign/vec4 v0x618a18e18bd0_0, 0;
    %jmp T_3.21;
T_3.20 ;
    %load/vec4 v0x618a18e197d0_0;
    %nor/r;
    %flag_set/vec4 8;
    %jmp/0xz  T_3.24, 8;
    %load/vec4 v0x618a18e194a0_0;
    %assign/vec4 v0x618a18e18cb0_0, 0;
    %load/vec4 v0x618a18e185a0_0;
    %assign/vec4 v0x618a18e18bd0_0, 0;
    %load/vec4 v0x618a18e19590_0;
    %assign/vec4 v0x618a18e18d90_0, 0;
    %load/vec4 v0x618a18e185a0_0;
    %parti/s 4, 12, 5;
    %cmpi/e 5, 0, 4;
    %flag_get/vec4 4;
    %jmp/0 T_3.28, 4;
    %load/vec4 v0x618a18e19590_0;
    %and;
T_3.28;
    %flag_set/vec4 8;
    %jmp/0xz  T_3.26, 8;
    %load/vec4 v0x618a18e194a0_0;
    %load/vec4 v0x618a18e185a0_0;
    %parti/s 4, 0, 2;
    %pad/u 16;
    %add;
    %assign/vec4 v0x618a18e194a0_0, 0;
    %jmp T_3.27;
T_3.26 ;
    %load/vec4 v0x618a18e194a0_0;
    %addi 1, 0, 16;
    %assign/vec4 v0x618a18e194a0_0, 0;
T_3.27 ;
T_3.24 ;
T_3.21 ;
T_3.1 ;
    %jmp T_3;
    .thread T_3;
    .scope S_0x618a18df2b40;
T_4 ;
    %delay 5000, 0;
    %load/vec4 v0x618a18e198a0_0;
    %inv;
    %store/vec4 v0x618a18e198a0_0, 0, 1;
    %jmp T_4;
    .thread T_4;
    .scope S_0x618a18df2b40;
T_5 ;
    %pushi/vec4 0, 0, 1;
    %store/vec4 v0x618a18e198a0_0, 0, 1;
    %pushi/vec4 1, 0, 1;
    %store/vec4 v0x618a18e19940_0, 0, 1;
    %vpi_call 2 23 "$display", "--- Starting 5-Stage Pipeline Simulation ---" {0 0 0};
    %delay 15000, 0;
    %pushi/vec4 0, 0, 1;
    %store/vec4 v0x618a18e19940_0, 0, 1;
    %delay 200000, 0;
    %vpi_call 2 33 "$display", "--- Simulation Complete ---" {0 0 0};
    %vpi_call 2 34 "$finish" {0 0 0};
    %end;
    .thread T_5;
    .scope S_0x618a18df2b40;
T_6 ;
    %wait E_0x618a18deebd0;
    %load/vec4 v0x618a18e19940_0;
    %nor/r;
    %flag_set/vec4 8;
    %jmp/0xz  T_6.0, 8;
    %vpi_call 2 40 "$display", "Time: %0t | PC: %d | IF/ID Instr: %b | EX Opcode: %b | Mispredict: %b", $time, v0x618a18e194a0_0, v0x618a18e18bd0_0, v0x618a18e18720_0, v0x618a18e17f60_0 {0 0 0};
T_6.0 ;
    %jmp T_6;
    .thread T_6;
# The file index is used to find the file name in the following table.
:file_names 6;
    "N/A";
    "<interactive>";
    "tb_cpu.v";
    "pipelined_cpu.v";
    "branch_predictor.v";
    "hazard_unit.v";
